[debug] [2022-10-30T05:59:10.545Z] ----------------------------------------------------------------------
[debug] [2022-10-30T05:59:10.549Z] Command:       C:\Program Files\nodejs\node.exe C:\Users\ASHA BENNY\AppData\Roaming\npm\node_modules\firebase-tools\lib\bin\firebase.js init
[debug] [2022-10-30T05:59:10.550Z] CLI Version:   11.15.0
[debug] [2022-10-30T05:59:10.550Z] Platform:      win32
[debug] [2022-10-30T05:59:10.550Z] Node Version:  v16.18.0
[debug] [2022-10-30T05:59:10.552Z] Time:          Sun Oct 30 2022 11:29:10 GMT+0530 (India Standard Time)
[debug] [2022-10-30T05:59:10.552Z] ----------------------------------------------------------------------
[debug] 
[debug] [2022-10-30T05:59:10.562Z] > command requires scopes: ["email","openid","https://www.googleapis.com/auth/cloudplatformprojects.readonly","https://www.googleapis.com/auth/firebase","https://www.googleapis.com/auth/cloud-platform"]
[debug] [2022-10-30T05:59:10.563Z] > authorizing via signed-in user (akshaik143@gmail.com)
[info] 
     ######## #### ########  ######## ########     ###     ######  ########
     ##        ##  ##     ## ##       ##     ##  ##   ##  ##       ##
     ######    ##  ########  ######   ########  #########  ######  ######
     ##        ##  ##    ##  ##       ##     ## ##     ##       ## ##
     ##       #### ##     ## ######## ########  ##     ##  ######  ########

You're about to initialize a Firebase project in this directory:

  C:\Users\ASHA BENNY\Documents\GitHub\qr-scanner

[info] 
=== Project Setup
[info] 
[info] First, let's associate this project directory with a Firebase project.
[info] You can create multiple project aliases by running firebase use --add, 
[info] but for now we'll just set up a default project.
[info] 
[debug] [2022-10-30T06:00:35.758Z] >>> [apiv2][query] GET https://firebase.googleapis.com/v1beta1/projects pageSize=100
[debug] [2022-10-30T06:00:36.458Z] <<< [apiv2][status] GET https://firebase.googleapis.com/v1beta1/projects 200
[debug] [2022-10-30T06:00:36.459Z] <<< [apiv2][body] GET https://firebase.googleapis.com/v1beta1/projects [omitted]
[info] i  Using project qr-scanner-akshai (qr-scanner) 
[info] 
=== Hosting Setup
[info] 
[info] Your public directory is the folder (relative to your project directory) that
[info] will contain Hosting assets to be uploaded with firebase deploy. If you
[info] have a build process for your assets, use your build's output directory.
[info] 
[debug] [2022-10-30T06:01:36.762Z] >>> [apiv2][query] GET https://www.gstatic.com/firebasejs/releases.json [none]
[debug] [2022-10-30T06:01:36.896Z] <<< [apiv2][status] GET https://www.gstatic.com/firebasejs/releases.json 200
[debug] [2022-10-30T06:01:36.896Z] <<< [apiv2][body] GET https://www.gstatic.com/firebasejs/releases.json {"current":{"version":"9.13.0","browserURL":"https://www.gstatic.com/firebasejs/9.13.0/firebase.js","packageURL":"https://www.gstatic.com/firebasejs/9.13.0/firebase.tgz"},"live":{"version":"9.13","browserURL":"https://www.gstatic.com/firebasejs/live/9.13/firebase.js","packageURL":"https://www.gstatic.com/firebasejs/live/9.13/firebase.tgz"},"components":{"analytics":"https://www.gstatic.com/firebasejs/9.13.0/firebase-analytics.js","app":"https://www.gstatic.com/firebasejs/9.13.0/firebase-app.js","app-check":"https://www.gstatic.com/firebasejs/9.13.0/firebase-app-check.js","auth":"https://www.gstatic.com/firebasejs/9.13.0/firebase-auth.js","auth/cordova":"https://www.gstatic.com/firebasejs/9.13.0/firebase-auth/cordova.js","auth/react-native":"https://www.gstatic.com/firebasejs/9.13.0/firebase-auth/react-native.js","functions":"https://www.gstatic.com/firebasejs/9.13.0/firebase-functions.js","firestore":"https://www.gstatic.com/firebasejs/9.13.0/firebase-firestore.js","firestore/lite":"https://www.gstatic.com/firebasejs/9.13.0/firebase-firestore/lite.js","installations":"https://www.gstatic.com/firebasejs/9.13.0/firebase-installations.js","storage":"https://www.gstatic.com/firebasejs/9.13.0/firebase-storage.js","performance":"https://www.gstatic.com/firebasejs/9.13.0/firebase-performance.js","remote-config":"https://www.gstatic.com/firebasejs/9.13.0/firebase-remote-config.js","messaging":"https://www.gstatic.com/firebasejs/9.13.0/firebase-messaging.js","messaging/sw":"https://www.gstatic.com/firebasejs/9.13.0/firebase-messaging/sw.js","database":"https://www.gstatic.com/firebasejs/9.13.0/firebase-database.js","firestore.memory":"https://www.gstatic.com/firebasejs/9.13.0/firebase-firestore.memory.js"}}
[info] +  Wrote dist/qr-scanner/index.html 
[info] 
[info] i  Detected a .git folder at C:\Users\ASHA BENNY\Documents\GitHub\qr-scanner 
[info] i  Authorizing with GitHub to upload your service account to a GitHub repository's secrets store. 
[info] 
[info] Visit this URL on this device to log in:
[info] https://github.com/login/oauth/authorize?client_id=89cf50f02ac6aaed3484&state=33347293&redirect_uri=http%3A%2F%2Flocalhost%3A9005&scope=read%3Auser%20repo%20public_repo
[info] 
[info] Waiting for authentication...
[debug] [2022-10-30T06:01:37.660Z] >>> [apiv2][query] POST https://github.com/login/oauth/access_token [none]
[debug] [2022-10-30T06:01:37.660Z] >>> [apiv2][body] POST https://github.com/login/oauth/access_token [stream]
[debug] [2022-10-30T06:01:38.141Z] <<< [apiv2][status] POST https://github.com/login/oauth/access_token 200
[debug] [2022-10-30T06:01:38.141Z] <<< [apiv2][body] POST https://github.com/login/oauth/access_token {"access_token":"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","token_type":"bearer","scope":"read:user,repo"}
[debug] [2022-10-30T06:01:38.150Z] >>> [apiv2][query] GET https://api.github.com/user [none]
[debug] [2022-10-30T06:01:38.680Z] <<< [apiv2][status] GET https://api.github.com/user 200
[debug] [2022-10-30T06:01:38.680Z] <<< [apiv2][body] GET https://api.github.com/user {"login":"akshaikrishnan","id":71927833,"node_id":"MDQ6VXNlcjcxOTI3ODMz","avatar_url":"https://avatars.githubusercontent.com/u/71927833?v=4","gravatar_id":"","url":"https://api.github.com/users/akshaikrishnan","html_url":"https://github.com/akshaikrishnan","followers_url":"https://api.github.com/users/akshaikrishnan/followers","following_url":"https://api.github.com/users/akshaikrishnan/following{/other_user}","gists_url":"https://api.github.com/users/akshaikrishnan/gists{/gist_id}","starred_url":"https://api.github.com/users/akshaikrishnan/starred{/owner}{/repo}","subscriptions_url":"https://api.github.com/users/akshaikrishnan/subscriptions","organizations_url":"https://api.github.com/users/akshaikrishnan/orgs","repos_url":"https://api.github.com/users/akshaikrishnan/repos","events_url":"https://api.github.com/users/akshaikrishnan/events{/privacy}","received_events_url":"https://api.github.com/users/akshaikrishnan/received_events","type":"User","site_admin":false,"name":null,"company":null,"blog":"","location":null,"email":null,"hireable":null,"bio":null,"twitter_username":null,"public_repos":12,"public_gists":0,"followers":0,"following":0,"created_at":"2020-09-26T11:10:48Z","updated_at":"2022-10-17T15:34:18Z","private_gists":0,"total_private_repos":5,"owned_private_repos":5,"disk_usage":234529,"collaborators":4,"two_factor_authentication":false,"plan":{"name":"free","space":976562499,"collaborators":0,"private_repos":10000}}
[info] 
[info] +  Success! Logged into GitHub as akshaikrishnan 
[info] 
